<?xml version="1.0" encoding="UTF-8"?><testsuite failures="0" name="cucumber.runtime.formatter.JUnitFormatter" skipped="0" tests="3" time="229.7231">
<testcase classname="Contact" name="Create new contact" time="62.172629">
<system-out><![CDATA[Given I select create new contact icon......................................passed
And I enter testing123 as Name..............................................passed
And I enter w@w.com as Email................................................passed
And I enter 35679797979 as Phone............................................passed
And I enter 35621212121 as Phone............................................passed
And I select navigate up icon...............................................passed
Then testing123 is set to contact name......................................passed
Then 35679797979 is set to Mobile...........................................passed
Then 35621212121 is set to Home.............................................passed
Then w@w.com is set to Home.................................................passed
Then testing123 is set to All contacts......................................passed
]]></system-out>
</testcase>
<testcase classname="Contact" name="Search for contact" time="103.802236">
<system-out><![CDATA[Given I select create new contact icon......................................passed
And I enter testing123 as Name..............................................passed
And I enter w@w.com as Email................................................passed
And I enter 35679797979 as Phone............................................passed
And I enter 35621212121 as Phone............................................passed
And I select navigate up icon...............................................passed
Then testing123 is set to All contacts......................................passed
And I select testing123 contact.............................................passed
And I select edit icon......................................................passed
And I change 35679797979 to 35699999999.....................................passed
And I change testing123 to test456ing.......................................passed
And I select navigate up icon...............................................passed
Then test456ing is set to contact name......................................passed
Then 35699999999 is set to Mobile...........................................passed
]]></system-out>
</testcase>
<testcase classname="Contact" name="Favorites functionality" time="63.748235">
<system-out><![CDATA[Given I check that there are No favorites...................................passed
And I select create new contact icon........................................passed
And I enter testing123 as Name..............................................passed
And I enter w@w.com as Email................................................passed
And I enter 35679797979 as Phone............................................passed
And I enter 35621212121 as Phone............................................passed
And I select navigate up icon...............................................passed
And I select favorites icon.................................................passed
Then testing123 is set to Favorites.........................................passed
]]></system-out>
</testcase>
</testsuite>
