<?xml version="1.0" encoding="UTF-8"?><testsuite failures="0" name="cucumber.runtime.formatter.JUnitFormatter" skipped="0" tests="1" time="50.956203">
<testcase classname="Note" name="Create New Note" time="50.956203">
<system-out><![CDATA[Given I navigate to https://evernote.com....................................passed
And I login with sign in link...............................................passed
Given I create 1 note with title as test title a and body as test body a....passed
Then the test title a is in the notes list..................................passed
]]></system-out>
</testcase>
</testsuite>
